
  You can now view your Streamlit app in your browser.

  Local URL: http://localhost:8501
  Network URL: http://192.168.1.113:8501


Collecting usage statistics. To deactivate, set browser.gatherUsageStats to false.


  You can now view your Streamlit app in your browser.

  URL: http://0.0.0.0:8501

2025-12-17 19:17:48.663 Uncaught app execution
Traceback (most recent call last):
  File "/home/samk/meus projetos/tiktokshop/venv/lib/python3.12/site-packages/streamlit/runtime/scriptrunner/exec_code.py", line 129, in exec_func_with_error_handling
    result = func()
             ^^^^^^
  File "/home/samk/meus projetos/tiktokshop/venv/lib/python3.12/site-packages/streamlit/runtime/scriptrunner/script_runner.py", line 671, in code_to_exec
    exec(code, module.__dict__)  # noqa: S102
    ^^^^^^^^^^^^^^^^^^^^^^^^^^^
  File "/home/samk/meus projetos/tiktokshop/app.py", line 7, in <module>
    from editor import processar_video_completo, gerar_voz_antonio
  File "/home/samk/meus projetos/tiktokshop/editor.py", line 4, in <module>
    from rembg import remove, new_session
  File "/home/samk/meus projetos/tiktokshop/venv/lib/python3.12/site-packages/rembg/__init__.py", line 5, in <module>
    from .bg import remove
  File "/home/samk/meus projetos/tiktokshop/venv/lib/python3.12/site-packages/rembg/bg.py", line 7, in <module>
    import onnxruntime as ort
ModuleNotFoundError: No module named 'onnxruntime'
2025-12-17 19:17:48.663 Uncaught app execution
Traceback (most recent call last):
  File "/home/samk/meus projetos/tiktokshop/venv/lib/python3.12/site-packages/streamlit/runtime/scriptrunner/exec_code.py", line 129, in exec_func_with_error_handling
    result = func()
             ^^^^^^
  File "/home/samk/meus projetos/tiktokshop/venv/lib/python3.12/site-packages/streamlit/runtime/scriptrunner/script_runner.py", line 671, in code_to_exec
    exec(code, module.__dict__)  # noqa: S102
    ^^^^^^^^^^^^^^^^^^^^^^^^^^^
  File "/home/samk/meus projetos/tiktokshop/app.py", line 7, in <module>
    from editor import processar_video_completo, gerar_voz_antonio
ImportError: cannot import name 'processar_video_completo' from 'editor' (/home/samk/meus projetos/tiktokshop/editor.py)

Collecting usage statistics. To deactivate, set browser.gatherUsageStats to false.


  You can now view your Streamlit app in your browser.

  URL: http://0.0.0.0:8501


Collecting usage statistics. To deactivate, set browser.gatherUsageStats to false.

2025-12-17 19:42:24.930 Port 8501 is already in use
